{
  "stats": {
    "suites": 6,
    "tests": 4,
    "passes": 4,
    "pending": 0,
    "failures": 0,
    "start": "2020-08-17T16:15:25.774Z",
    "end": "2020-08-17T16:16:13.639Z",
    "duration": 47865,
    "testsRegistered": 4,
    "passPercent": 100,
    "pendingPercent": 0,
    "other": 0,
    "hasOther": false,
    "skipped": 0,
    "hasSkipped": false
  },
  "results": [
    {
      "uuid": "e13b0962-ace4-4851-8efe-c74ff7f671c9",
      "title": "",
      "fullFile": "",
      "file": "",
      "beforeHooks": [],
      "afterHooks": [],
      "tests": [],
      "suites": [
        {
          "uuid": "3d1c4728-e8b1-45e8-8323-aab8d1659bf8",
          "title": "Trivago Magazine Test Suite",
          "fullFile": "/Users/sonalij/Documents/__Projects/Automation/TrivagoAutomationTest/src/index.js",
          "file": "/src/index.js",
          "beforeHooks": [
            {
              "title": "\"before all\" hook",
              "fullTitle": "Trivago Magazine Test Suite \"before all\" hook",
              "timedOut": false,
              "duration": 6647,
              "state": null,
              "speed": null,
              "pass": false,
              "fail": false,
              "pending": false,
              "context": null,
              "code": "// options if necessary (i.e. firefox.Options or chrome.Options)).\ndriver = await new _seleniumWebdriver.Builder().forBrowser('chrome').build();",
              "err": {},
              "uuid": "ea43810b-770a-4e24-9267-156b7c9b198a",
              "parentUUID": "3d1c4728-e8b1-45e8-8323-aab8d1659bf8",
              "isHook": true,
              "skipped": false
            }
          ],
          "afterHooks": [
            {
              "title": "\"after all\" hook",
              "fullTitle": "Trivago Magazine Test Suite \"after all\" hook",
              "timedOut": false,
              "duration": 157,
              "state": null,
              "speed": null,
              "pass": false,
              "fail": false,
              "pending": false,
              "context": null,
              "code": "return driver && driver.quit();",
              "err": {},
              "uuid": "17fcde03-b3f8-46ec-8946-8612b7ce0f48",
              "parentUUID": "3d1c4728-e8b1-45e8-8323-aab8d1659bf8",
              "isHook": true,
              "skipped": false
            }
          ],
          "tests": [],
          "suites": [
            {
              "uuid": "09e740e7-65bb-4b54-9e67-fe82fecd686f",
              "title": "Smoke Tests package flow",
              "fullFile": "/Users/sonalij/Documents/__Projects/Automation/TrivagoAutomationTest/src/index.js",
              "file": "/src/index.js",
              "beforeHooks": [],
              "afterHooks": [],
              "tests": [],
              "suites": [
                {
                  "uuid": "c0a802cd-4dc8-439b-9c21-010843dd586e",
                  "title": "Open Trivago URL",
                  "fullFile": "/Users/sonalij/Documents/__Projects/Automation/TrivagoAutomationTest/src/index.js",
                  "file": "/src/index.js",
                  "beforeHooks": [],
                  "afterHooks": [],
                  "tests": [
                    {
                      "title": "User should be able to open the URL",
                      "fullTitle": "Trivago Magazine Test Suite Smoke Tests package flow Open Trivago URL User should be able to open the URL",
                      "timedOut": false,
                      "duration": 3636,
                      "state": "passed",
                      "speed": "slow",
                      "pass": true,
                      "fail": false,
                      "pending": false,
                      "context": null,
                      "code": "driver.get(_constants.Constants.LOGIN_URL);\nawait driver.manage().window().maximize();",
                      "err": {},
                      "uuid": "69a3438d-a1e1-44f2-ace5-03025319f64f",
                      "parentUUID": "c0a802cd-4dc8-439b-9c21-010843dd586e",
                      "isHook": false,
                      "skipped": false
                    }
                  ],
                  "suites": [],
                  "passes": [
                    "69a3438d-a1e1-44f2-ace5-03025319f64f"
                  ],
                  "failures": [],
                  "pending": [],
                  "skipped": [],
                  "duration": 3636,
                  "root": false,
                  "rootEmpty": false,
                  "_timeout": 3000000
                },
                {
                  "uuid": "a0b1d1ba-bef2-4592-9d9b-2d0aaa7dc98a",
                  "title": "Search for any location on Magazine by using the search bar",
                  "fullFile": "/Users/sonalij/Documents/__Projects/Automation/TrivagoAutomationTest/src/index.js",
                  "file": "/src/index.js",
                  "beforeHooks": [],
                  "afterHooks": [],
                  "tests": [
                    {
                      "title": "User should be able to search the location",
                      "fullTitle": "Trivago Magazine Test Suite Smoke Tests package flow Search for any location on Magazine by using the search bar User should be able to search the location",
                      "timedOut": false,
                      "duration": 11555,
                      "state": "passed",
                      "speed": "slow",
                      "pass": true,
                      "fail": false,
                      "pending": false,
                      "context": null,
                      "code": "await driver.findElement(_seleniumWebdriver.By.className('search-icon')).click();\nawait driver.sleep(3000);\nawait driver.findElement(_seleniumWebdriver.By.className('search-input')).sendKeys(_constants.Constants.SEARCH_INPUT);\nawait driver.sleep(3000);\nawait driver.findElement(_seleniumWebdriver.By.xpath('//*[@id=\"header\"]/div/div/div[2]')).click();\nawait driver.sleep(5000);",
                      "err": {},
                      "uuid": "b2dfb8e0-63ab-455e-9bcb-21fb1488b34e",
                      "parentUUID": "a0b1d1ba-bef2-4592-9d9b-2d0aaa7dc98a",
                      "isHook": false,
                      "skipped": false
                    }
                  ],
                  "suites": [],
                  "passes": [
                    "b2dfb8e0-63ab-455e-9bcb-21fb1488b34e"
                  ],
                  "failures": [],
                  "pending": [],
                  "skipped": [],
                  "duration": 11555,
                  "root": false,
                  "rootEmpty": false,
                  "_timeout": 3000000
                },
                {
                  "uuid": "10783d90-2061-4e26-8b61-63ebed5865fe",
                  "title": "Subscribe to the Newsletter",
                  "fullFile": "/Users/sonalij/Documents/__Projects/Automation/TrivagoAutomationTest/src/index.js",
                  "file": "/src/index.js",
                  "beforeHooks": [],
                  "afterHooks": [],
                  "tests": [
                    {
                      "title": "User should be able to Subscribe",
                      "fullTitle": "Trivago Magazine Test Suite Smoke Tests package flow Subscribe to the Newsletter User should be able to Subscribe",
                      "timedOut": false,
                      "duration": 11210,
                      "state": "passed",
                      "speed": "slow",
                      "pass": true,
                      "fail": false,
                      "pending": false,
                      "context": null,
                      "code": "await driver.findElement(_seleniumWebdriver.By.className('newsletter-email-submit')).click();\nawait driver.sleep(3000);\nawait driver.findElement(_seleniumWebdriver.By.className('et-email')).sendKeys((0, _constants.getRandomEmailGenerator)());\nawait driver.sleep(3000);\nawait driver.findElement(_seleniumWebdriver.By.className('submit')).click();\nawait driver.sleep(5000);",
                      "err": {},
                      "uuid": "b5282ec6-afbc-4337-9297-593b4a67e321",
                      "parentUUID": "10783d90-2061-4e26-8b61-63ebed5865fe",
                      "isHook": false,
                      "skipped": false
                    }
                  ],
                  "suites": [],
                  "passes": [
                    "b5282ec6-afbc-4337-9297-593b4a67e321"
                  ],
                  "failures": [],
                  "pending": [],
                  "skipped": [],
                  "duration": 11210,
                  "root": false,
                  "rootEmpty": false,
                  "_timeout": 3000000
                },
                {
                  "uuid": "44ac78a6-12ec-49b8-9369-ad91c2d7d185",
                  "title": "Navigate to the destination through the top left menu",
                  "fullFile": "/Users/sonalij/Documents/__Projects/Automation/TrivagoAutomationTest/src/index.js",
                  "file": "/src/index.js",
                  "beforeHooks": [],
                  "afterHooks": [],
                  "tests": [
                    {
                      "title": "User should be able to Navigate",
                      "fullTitle": "Trivago Magazine Test Suite Smoke Tests package flow Navigate to the destination through the top left menu User should be able to Navigate",
                      "timedOut": false,
                      "duration": 14641,
                      "state": "passed",
                      "speed": "slow",
                      "pass": true,
                      "fail": false,
                      "pending": false,
                      "context": null,
                      "code": "await driver.findElement(_seleniumWebdriver.By.tagName('body')).sendKeys(_seleniumWebdriver.Key.ARROW_UP);\nawait driver.sleep(3000);\nawait driver.findElement(_seleniumWebdriver.By.className('nav-icon')).click();\nawait driver.sleep(3000);\nawait driver.findElement(_seleniumWebdriver.By.className('menu-title')).click();\nawait driver.sleep(3000);\nawait driver.findElement(_seleniumWebdriver.By.xpath('//a[contains(@href,\"/destination/northwest/\")]')).click();\nawait driver.sleep(2000);",
                      "err": {},
                      "uuid": "cde49890-b940-423a-bd69-ff88e5a5d7e4",
                      "parentUUID": "44ac78a6-12ec-49b8-9369-ad91c2d7d185",
                      "isHook": false,
                      "skipped": false
                    }
                  ],
                  "suites": [],
                  "passes": [
                    "cde49890-b940-423a-bd69-ff88e5a5d7e4"
                  ],
                  "failures": [],
                  "pending": [],
                  "skipped": [],
                  "duration": 14641,
                  "root": false,
                  "rootEmpty": false,
                  "_timeout": 3000000
                }
              ],
              "passes": [],
              "failures": [],
              "pending": [],
              "skipped": [],
              "duration": 0,
              "root": false,
              "rootEmpty": false,
              "_timeout": 3000000
            }
          ],
          "passes": [],
          "failures": [],
          "pending": [],
          "skipped": [],
          "duration": 0,
          "root": false,
          "rootEmpty": false,
          "_timeout": 3000000
        }
      ],
      "passes": [],
      "failures": [],
      "pending": [],
      "skipped": [],
      "duration": 0,
      "root": true,
      "rootEmpty": true,
      "_timeout": 3000000
    }
  ],
  "meta": {
    "mocha": {
      "version": "6.1.4"
    },
    "mochawesome": {
      "options": {
        "quiet": false,
        "reportFilename": "mochawesome",
        "saveHtml": true,
        "saveJson": true,
        "useInlineDiffs": false
      },
      "version": "4.0.0"
    },
    "marge": {
      "options": null,
      "version": "4.0.0"
    }
  }
}